========================================================================
READ_ASCII_FILE: unknown
READ_ASCII_FILE: File: input.nml
========================================================================
READ_INPUT_NML: unknown
READ_INPUT_NML: input.nml 
  &MOM_input_nml
          output_directory = '.',
          input_filename = 'r'
          restart_input_dir = 'INPUT',
          restart_output_dir = 'RESTART',
          parameter_filename = 'MOM_input',
                               'MOM_saltrestore',
                               'MOM_override'
 /
 
  &SIS_input_nml
         output_directory = './',
         input_filename = 'r'
         restart_input_dir = 'INPUT/',
         restart_output_dir = 'RESTART/',
         parameter_filename = 'SIS_input',
                              'SIS_override' /
 
  &atmos_model_nml
            layout = 0, 0
 /
 
  &coupler_nml
             months = 12,
             days   = 0,
             hours  = 0,
             current_date = 2004,1,1,0,0,0,
             calendar = 'julian',
             dt_cpld = 1200,
             dt_atmos = 1200,
             do_atmos = .false.,
             do_land = .false.,
             do_ice = .true.,
             do_ocean = .true.,
             do_flux = .true.,
             atmos_npes = 0,
             concurrent = .false.
             use_lag_fluxes=.false.
             check_stocks = 0
 /
 
  &diag_manager_nml
             max_axes = 100,
             max_files = 63,
             max_num_axis_sets = 100,
             max_input_fields = 699
             max_output_fields = 699
             mix_snapshot_average_fields=.false.
 /
 
  &flux_exchange_nml
             debug_stocks = .FALSE.
             divert_stocks_report = .TRUE.
             do_area_weighted_flux = .FALSE.
 /
 
  &fms_io_nml
             fms_netcdf_restart=.true.
             threading_read='multi'
             max_files_r = 200
             max_files_w = 200
             checksum_required = .false.
 /
 
  &fms_nml
             clock_grain='ROUTINE'
             clock_flags='NONE'
             domains_stack_size = 5000000
             stack_size =0
 /
 
  &ice_albedo_nml
             t_range = 10.
 /
 
  &ice_model_nml
 /
 
  &icebergs_nml
     verbose=.false.,
     verbose_hrs=24,
     traj_sample_hrs=24,
     debug=.false.,
     really_debug=.false.,
     use_slow_find=.true.,
     add_weight_to_ocean=.true.,
     passive_mode=.false.,
     generate_test_icebergs=.false.,
     speed_limit=0.,
     use_roundoff_fix=.true.,
     make_calving_reproduce=.true.,
  /
 
  &monin_obukhov_nml
             neutral = .true.
 /
 
  &ocean_albedo_nml
             ocean_albedo_option = 2
 /
 
  &ocean_rough_nml
             rough_scheme = 'beljaars'
 /
 
  &sat_vapor_pres_nml
             construct_table_wrt_liq = .true.
             construct_table_wrt_liq_and_ice = .true.
 /
 
  &surface_flux_nml
             ncar_ocean_flux = .true.
 	    raoult_sat_vap = .true.
 /
 
  &topography_nml
             topog_file = 'INPUT/navy_topography.data.nc'
 /
 
  &xgrid_nml
             make_exchange_reproduce = .false.
             interp_method = 'second_order'
 /
 
  &generic_tracer_nml
        do_generic_tracer=.true.
        do_generic_abiotic=.false.
        do_generic_CFC=.true.
        do_generic_COBALT=.true.
        do_generic_SF6=.false.
        force_update_fluxes=.true.
 /
  &generic_COBALT_nml
        co2_calc = 'mocsy'
        debug = .false.
        imbalance_tolerance=1.0e-9
 !       do_nh3_atm_ocean_exchange = .true.  !turn on exchange of NH3
 !       scheme_no3_nh4_lim        = 2       !update nh4/no3 uptake scheme
 !       scheme_nitrif             = 3       !new nitrification scheme
 /
 
 
 

MPP module unknown
MPP started with NPES=     1
Using MPI library for message passing...
Realtime clock resolution=  1.0000E-09 sec ( 999999999 ticks/sec)
Clock rolls over after   9.2234E+09 sec ( 9223372036854775806 ticks)

MPP Parameter module unknown

MPP Data module unknown

MPP_DOMAINS module unknown
&MPP_IO_NML
 HEADER_BUFFER_VAL=16384      ,
 GLOBAL_FIELD_ON_ROOT_PE=T,
 IO_CLOCKS_ON=F,
 SHUFFLE=0          ,
 DEFLATE_LEVEL=-1         ,
 CF_COMPLIANCE=F,
 /

MPP_IO module unknown

Using netCDF library version 4.8.1 of Sep 29 2021 09:36:14 $

================================================================================
FMS_IO_MOD
unknown

================================================================================
FMS_MOD
unknown
&FMS_NML
 READ_ALL_PE=T,
 CLOCK_GRAIN="ROUTINE         ",
 CLOCK_FLAGS="NONE            ",
 WARNING_LEVEL="warning ",
 STACK_SIZE=0          ,
 DOMAINS_STACK_SIZE=5000000    ,
 PRINT_MEMORY_USAGE=F,
 /
 nml_error_codes=

================================================================================
CONSTANTS_MOD
unknown

================================================================================
fms_affinity_mod
unknown
&FMS_AFFINITY_NML
 AFFINITY=T,
 STRICT=T,
 DEBUG_AFFINITY=F,
 DEBUG_CPUSET=F,
 /

================================================================================
$Id$
$Name$

================================================================================
TIME_MANAGER_MOD
unknown
&COUPLER_NML
 CURRENT_DATE=2004       , 2*1          , 3*0          ,
 CALENDAR="julian           ",
 FORCE_DATE_FROM_NAMELIST=T,
 MONTHS=12         ,
 DAYS=0          ,
 HOURS=0          ,
 MINUTES=0          ,
 SECONDS=0          ,
 DT_CPLD=1200       ,
 DT_ATMOS=1200       ,
 DO_ATMOS=F,
 DO_LAND=F,
 DO_ICE=T,
 DO_OCEAN=T,
 DO_FLUX=T,
 ATMOS_NPES=1          ,
 OCEAN_NPES=1          ,
 ICE_NPES=1          ,
 LAND_NPES=1          ,
 ATMOS_NTHREADS=1          ,
 OCEAN_NTHREADS=1          ,
 RADIATION_NTHREADS=1          ,
 CONCURRENT=F,
 DO_CONCURRENT_RADIATION=F,
 USE_LAG_FLUXES=F,
 CHECK_STOCKS=0          ,
 RESTART_INTERVAL= 6*0          ,
 DO_DEBUG=F,
 DO_CHKSUM=F,
 USE_HYPER_THREAD=F,
 CONCURRENT_ICE=F,
 SLOW_ICE_WITH_OCEAN=F,
 DO_ENDPOINT_CHKSUM=T,
 COMBINED_ICE_AND_OCEAN=F,
 /
  current date used = 2004 January  1  0:00:00 gmt

================================================================================
DIAG_UTIL_MOD
unknown

================================================================================
DIAG_DATA_MOD
unknown

================================================================================
DIAG_MANAGER_MOD
unknown
&DIAG_MANAGER_NML
 APPEND_PELIST_NAME=F,
 MIX_SNAPSHOT_AVERAGE_FIELDS=F,
 MAX_OUTPUT_FIELDS=699        ,
 MAX_INPUT_FIELDS=699        ,
 MAX_AXES=100        ,
 DO_DIAG_FIELD_LOG=F,
 WRITE_BYTES_IN_FILE=F,
 DEBUG_DIAG_MANAGER=F,
 MAX_NUM_AXIS_SETS=100        ,
 MAX_FILES=63         ,
 USE_CMOR=F,
 ISSUE_OOR_WARNINGS=T,
 OOR_WARNINGS_FATAL=F,
 MAX_OUT_PER_IN_FIELD=150        ,
 FLUSH_NC_FILES=F,
 REGION_OUT_USE_ALT_VALUE=T,
 MAX_FIELD_ATTRIBUTES=4          ,
 MAX_FILE_ATTRIBUTES=2          ,
 MAX_AXIS_ATTRIBUTES=4          ,
 PREPEND_DATE=T,
 USE_MPP_IO=F,
 /
========================================================================
READ_ASCII_FILE: unknown
READ_ASCII_FILE: File: diag_table
base date used = 2004 January  1  0:00:00 gmt

================================================================================
DIAG_AXIS_MOD
unknown

================================================================================
TRACER_MANAGER_MOD
unknown

================================================================================
FIELD_MANAGER_MOD
unknown
# specific humidity for moist runs                                                                                                                                                                                                                                                                                                                                                                                                                                                                                                                                                                                                                                                                                                                                                                                                                                                                                                                                                                                                                              
 "TRACER", "atmos_mod", "sphum"                                                                                                                                                                                                                                                                                                                                                                                                                                                                                                                                                                                                                                                                                                                                                                                                                                                                                                                                                                                                                                 
##	   "profile_type", "fixed", "surface_value=3.e-6" /                                                                                                                                                                                                                                                                                                                                                                                                                                                                                                                                                                                                                                                                                                                                                                                                                                                                                                                                                                                                          
# prognostic cloud scheme tracers                                                                                                                                                                                                                                                                                                                                                                                                                                                                                                                                                                                                                                                                                                                                                                                                                                                                                                                                                                                                                               
  "TRACER", "atmos_mod", "liq_wat"                                                                                                                                                                                                                                                                                                                                                                                                                                                                                                                                                                                                                                                                                                                                                                                                                                                                                                                                                                                                                              
  "TRACER", "atmos_mod", "ice_wat"                                                                                                                                                                                                                                                                                                                                                                                                                                                                                                                                                                                                                                                                                                                                                                                                                                                                                                                                                                                                                              
  "TRACER", "atmos_mod", "cld_amt"                                                                                                                                                                                                                                                                                                                                                                                                                                                                                                                                                                                                                                                                                                                                                                                                                                                                                                                                                                                                                              
# sphum must be present on land as well                                                                                                                                                                                                                                                                                                                                                                                                                                                                                                                                                                                                                                                                                                                                                                                                                                                                                                                                                                                                                         
 "TRACER", "land_mod",     "sphum"                                                                                                                                                                                                                                                                                                                                                                                                                                                                                                                                                                                                                                                                                                                                                                                                                                                                                                                                                                                                                              
# test tracer for radon                                                                                                                                                                                                                                                                                                                                                                                                                                                                                                                                                                                                                                                                                                                                                                                                                                                                                                                                                                                                                                         
#                                                                                                                                                                                                                                                                                                                                                                                                                                                                                                                                                                                                                                                                                                                                                                                                                                                                                                                                                                                                                                                               
# "TRACER", "atmos_mod", "radon"                                                                                                                                                                                                                                                                                                                                                                                                                                                                                                                                                                                                                                                                                                                                                                                                                                                                                                                                                                                                                                
#           "longname",     "radon test tracer"                                                                                                                                                                                                                                                                                                                                                                                                                                                                                                                                                                                                                                                                                                                                                                                                                                                                                                                                                                                                                 
#           "units",        "kg/kg" /                                                                                                                                                                                                                                                                                                                                                                                                                                                                                                                                                                                                                                                                                                                                                                                                                                                                                                                                                                                                                           
###.................................................                                                                                                                                                                                                                                                                                                                                                                                                                                                                                                                                                                                                                                                                                                                                                                                                                                                                                                                                                                                                            
###.................................................                                                                                                                                                                                                                                                                                                                                                                                                                                                                                                                                                                                                                                                                                                                                                                                                                                                                                                                                                                                                            
### COBALT field table for initializing tracers                                                                                                                                                                                                                                                                                                                                                                                                                                                                                                                                                                                                                                                                                                                                                                                                                                                                                                                                                                                                                 
## jgj 2013/01/23 updated for COBALT                                                                                                                                                                                                                                                                                                                                                                                                                                                                                                                                                                                                                                                                                                                                                                                                                                                                                                                                                                                                                            
## jgj 2018/05/09 updated for GLODAP v2 and regridded COBALT history file                                                                                                                                                                                                                                                                                                                                                                                                                                                                                                                                                                                                                                                                                                                                                                                                                                                                                                                                                                                       
"namelists","ocean_mod","generic_cobalt/*global*"                                                                                                                                                                                                                                                                                                                                                                                                                                                                                                                                                                                                                                                                                                                                                                                                                                                                                                                                                                                                               
"namelists","ocean_mod","generic_cobalt"                                                                                                                                                                                                                                                                                                                                                                                                                                                                                                                                                                                                                                                                                                                                                                                                                                                                                                                                                                                                                        
###........................................                                                                                                                                                                                                                                                                                                                                                                                                                                                                                                                                                                                                                                                                                                                                                                                                                                                                                                                                                                                                                     
"namelists","ocean_mod","generic_abiotic"                                                                                                                                                                                                                                                                                                                                                                                                                                                                                                                                                                                                                                                                                                                                                                                                                                                                                                                                                                                                                       
                                                                                                                                                                                                                                                                                                                                                                                                                                                                                                                                                                                                                                                                                                                                                                                                                                                                                                                                                                                                                                                                
 ----------------------------------------------------
 Contents of tracer entry            1
 Model type and field name
 Model                :            1
 Field name           : sphum
 Tracer units         : kg/kg
 Tracer longname      : specific humidity
 Tracer is_prognostic :  T
 ----------------------------------------------------
 ----------------------------------------------------
 Contents of tracer entry            2
 Model type and field name
 Model                :            1
 Field name           : liq_wat
 Tracer units         : kg/kg
 Tracer longname      : cloud liquid specific humidity
 Tracer is_prognostic :  T
 ----------------------------------------------------
 ----------------------------------------------------
 Contents of tracer entry            3
 Model type and field name
 Model                :            1
 Field name           : ice_wat
 Tracer units         : kg/kg
 Tracer longname      : cloud ice water specific humidity
 Tracer is_prognostic :  T
 ----------------------------------------------------
 ----------------------------------------------------
 Contents of tracer entry            4
 Model type and field name
 Model                :            1
 Field name           : cld_amt
 Tracer units         : none
 Tracer longname      : cloud fraction
 Tracer is_prognostic :  T
 ----------------------------------------------------
Number of tracers in field table for atmospheric model =    4
Number of tracers in field table for oceanic model =    0
 ----------------------------------------------------
 Contents of tracer entry            5
 Model type and field name
 Model                :            3
 Field name           : sphum
 Tracer units         : kg/kg
 Tracer longname      : specific humidity
 Tracer is_prognostic :  T
 ----------------------------------------------------
Number of tracers in field table for land model =    1
Number of tracers in field table for ice model =    0
Number of tracers in field table for coupler model =    0
&GENERIC_TRACER_NML
 DO_GENERIC_TRACER=T,
 DO_GENERIC_ABIOTIC=F,
 DO_GENERIC_AGE=F,
 DO_GENERIC_ARGON=F,
 DO_GENERIC_CFC=T,
 DO_GENERIC_SF6=F,
 DO_GENERIC_TOPAZ=F,
 DO_GENERIC_ERGOM=F,
 DO_GENERIC_BLING=F,
 DO_GENERIC_MINIBLING=F,
 DO_GENERIC_COBALT=T,
 FORCE_UPDATE_FLUXES=T,
 DO_GENERIC_BLRES=F,
 AS_PARAM="gfdl_cmip6",
 /
&MOCSY_NML
 BORON_FORMULATION="l10",
 DISSOCIATION_CONSTANTS="m10",
 HF_EQUILIBRIUM_CONSTANT="dg",
 EPSLN=  1.0000000000000000E-010,
 PRINT_OOR_WARNINGS=F,
 MAXIMUM_SALINITY=  200.00000000000000     ,
 MAX_SPECIES_VALUE=  4.0000000000000000     ,
 MINIMUM_TEMPERATURE= -2.0000000000000000     ,
 SAL_FLOOR_BASED_ON_ALK=T,
 APPLY_EPSLN_FLOOR=T,
 APPLY_SPECIES_CEILING=T,
 APPLY_SALINITY_CEILING=T,
 APPLY_TEMPERATURE_FLOOR=T,
 /
&GENERIC_COBALT_NML
 DO_14C=F,
 CO2_CALC="mocsy     ",
 DEBUG=F,
 DO_NH3_ATM_OCEAN_EXCHANGE=F,
 SCHEME_NITRIF=3          ,
 K_NH4_SMALL=  1.0000000000000000E-008,
 K_NH4_LARGE=  4.9999999999999998E-008,
 K_NH4_DIAZO=  9.9999999999999995E-008,
 SCHEME_NO3_NH4_LIM=2          ,
 K_NO3_SMALL=  4.9999999999999998E-007,
 K_NO3_LARGE=  2.5000000000000002E-006,
 K_NO3_DIAZO=  5.0000000000000004E-006,
 O2_MIN_NIT=  1.0000000000000000E-008,
 K_O2_NIT=  3.8999999999999999E-006,
 IRR_INHIBIT=  10.000000000000000     ,
 K_NH3_NITRIF=  3.1000000000000000E-009,
 GAMMA_NITRIF=  3500000.0000000000     ,
 IMBALANCE_TOLERANCE=  1.0000000000000001E-009,
 /

================================================================================
atmos_ocean_fluxes_mod
unknown

================================================================================
coupler_types_mod
unknown

atmos model domain decomposition:     1 X    1
   pe,   is,  ie,  js,  je,    isd, ied, jsd, jed

================================================================================
DIAG_INTEGRAL_MOD
unknown
&DIAG_INTEGRAL_NML
 OUTPUT_INTERVAL= -1.0000000000000000     ,
 TIME_UNITS="hours   ",
 FILE_NAME="                                                                ",
 PRINT_HEADER=T,
 FIELDS_PER_PRINT_LINE=4          ,
 /
&DATA_OVERRIDE_NML
 DEBUG_DATA_OVERRIDE=F,
 GRID_CENTER_BUG=F,
 REPRODUCE_NULL_CHAR_BUG=F,
 /

================================================================================
HORIZ_INTERP_MOD
unknown
&HORIZ_INTERP_NML
 REPRODUCE_SIENA=F,
 /

================================================================================
HORIZ_INTERP_CONSERVE_MOD
unknown

================================================================================
HORIZ_INTERP_BILINEAR_MOD
unknown

================================================================================
HORIZ_INTERP_BICUBIC_MOD
unknown

================================================================================
horiz_interp_spherical_mod
unknown

================================================================================
DATA_OVERRIDE_MOD
unknown

================================================================================
TIME_INTERP_EXTERNAL_MOD
unknown
&TIME_INTERP_EXTERNAL_NML
 NUM_IO_BUFFERS=2          ,
 DEBUG_THIS_MODULE=F,
 MAX_FIELDS=100        ,
 MAX_FILES=40         ,
 /

================================================================================
TIME_INTERP_MOD
unknown
&TIME_INTERP_NML
 PERTHLIKE_BEHAVIOR=F,
 /

================================================================================
$Id$
$Name$

land model domain decomposition:     1 X    1
   pe,   is,  ie,  js,  je,    isd, ied, jsd, jed
&DATA_OVERRIDE_NML
 DEBUG_DATA_OVERRIDE=F,
 GRID_CENTER_BUG=F,
 REPRODUCE_NULL_CHAR_BUG=F,
 /
ice_model: unknown
MOM_unit_scaling: unknown
  MOM_unit_scaling Z_RESCALE_POWER: 0
  MOM_unit_scaling L_RESCALE_POWER: 0
  MOM_unit_scaling T_RESCALE_POWER: 0
  MOM_unit_scaling R_RESCALE_POWER: 0
  MOM_unit_scaling Q_RESCALE_POWER: 0
  ice_model SPECIFIED_ICE: False
  ice_model CGRID_ICE_DYNAMICS: True
  ice_model USE_SLAB_ICE: False
  ice_model SINGLE_ICE_STATE_TYPE: True
  ice_model EULERIAN_TSURF: True
  ice_model ICE_OCEAN_STRESS_STAGGER: C
  ice_model RHO_OCEAN: 1030.0
  ice_model RHO_ICE: 905.0
  ice_model RHO_SNOW: 330.0
  ice_model G_EARTH: 9.8
  ice_model MOMENTUM_ROUGH_ICE: 1.0E-04
  ice_model HEAT_ROUGH_ICE: 1.0E-04
  ice_model CONSTANT_COSZEN_IC: -1.0
  ice_model DT_RADIATION: 1200.0
  ice_model ICE_KMELT: 240.0
  ice_model ICE_BOUNDS_CHECK: True
  ice_model DEBUG: False
  ice_model DEBUG_SLOW_ICE: False
  ice_model DEBUG_FAST_ICE: False
  ice_model GLOBAL_INDEXING: False
  ice_model FIRST_DIRECTION: 0
  ice_model ICE_SEES_ATMOS_WINDS: True
  ice_model APPLY_SLP_TO_OCEAN: False
  ice_model PASS_STRESS_MAG_TO_OCEAN: False
  ice_model DO_ICEBERGS: False
  ice_model ADD_DIURNAL_SW: False
  ice_model DO_SUN_ANGLE_FOR_ALB: False
  ice_model DO_RIDGING: False
  ice_model RESTARTFILE: ice_model.res.nc
  ice_model FAST_ICE_RESTARTFILE: ice_model.res.nc
  ice_model APPLY_MASKS_AFTER_RESTART: True
  MOM WRITE_GEOM: 1
  MOM INTERPOLATE_FLUXES: True
  MOM REDO_FAST_ICE_UPDATE: False
SIS_debugging: unknown
  SIS_debugging DEBUG: False
  SIS_debugging DEBUG_CHKSUMS: False
  SIS_debugging DEBUG_REDUNDANT: False
MOM_checksums: unknown
ice_grid: unknown
  ice_grid NCAT_ICE: 5
  ice_grid NK_ICE: 4
  ice_grid NK_SNOW: 1
  ice_grid MIN_OCEAN_PARTSIZE: 0.0
MOM_domains: unknown
  MOM_domains REENTRANT_X: True
  MOM_domains REENTRANT_Y: False
  MOM_domains TRIPOLAR_N: False
  MOM_domains !SYMMETRIC_MEMORY_: False
  MOM_domains NONBLOCKING_UPDATES: False
  MOM_domains THIN_HALO_UPDATES: True
  MOM_domains !STATIC_MEMORY_: False
  MOM_domains NIGLOBAL: 4
  MOM_domains NJGLOBAL: 4
  MOM_domains NIHALO: 2
  MOM_domains NJHALO: 2
  MOM_domains MASKTABLE: MOM_mask_table
  MOM_domains NIPROC: 1
  MOM_domains NJPROC: 1
  MOM_domains LAYOUT: 1, 1
  MOM_domains IO_LAYOUT: 1, 1

ice model domain decomposition:     1 X    1
   pe,   is,  ie,  js,  je,    isd, ied, jsd, jed

ice modelc domain decomposition:     1 X    1
   pe,   is,  ie,  js,  je,    isd, ied, jsd, jed
MOM_hor_index: unknown

ice model domain decomposition:     1 X    1
   pe,   is,  ie,  js,  je,    isd, ied, jsd, jed

ice model domain decomposition:     1 X    1
   pe,   is,  ie,  js,  je,    isd, ied, jsd, jed
SIS_restart: unknown
  SIS_restart PARALLEL_RESTARTFILES: False
  SIS_restart MAX_FIELDS: 100
  SIS_restart RESTART_CHECKSUMS_REQUIRED: True
SIS_initialize_fixed: unknown
  SIS_initialize_fixed DEBUG: False
  SIS_initialize_fixed DEBUG_SLOW_ICE: False
  SIS_initialize_fixed INPUTDIR: INPUT
MOM_grid_init: unknown
  MOM_grid_init GRID_CONFIG: mosaic
  MOM_grid_init DEBUG: False
  MOM_grid_init set_grid_metrics_from_mosaic GRID_FILE: ocean_hgrid.nc
  MOM_grid_init set_grid_metrics_from_mosaic USE_TRIPOLAR_GEOLONB_BUG: False
  MOM_grid_init set_grid_metrics_from_mosaic INPUTDIR: INPUT
  MOM_grid_init set_grid_metrics_from_mosaic INPUTDIR/GRID_FILE: INPUT/ocean_hgrid.nc

MOM_MOSAIC domain decomposition:     1 X    1
   pe,   is,  ie,  js,  je,    isd, ied, jsd, jed

MOM_MOSAIC domain decomposition:     1 X    1
   pe,   is,  ie,  js,  je,    isd, ied, jsd, jed
  SIS_initialize_topography TOPO_CONFIG: file
  initialize_topography_from_file INPUTDIR: INPUT
  initialize_topography_from_file TOPO_FILE: ocean_topog.nc
  initialize_topography_from_file TOPO_VARNAME: depth
  initialize_topography_from_file INPUTDIR/TOPO_FILE: INPUT/ocean_topog.nc
  apply_topography_edits_from_file INPUTDIR: INPUT
  apply_topography_edits_from_file TOPO_EDITS_FILE:
  apply_topography_edits_from_file ALLOW_LANDMASK_CHANGES: False
  apply_topography_edits_from_file MINIMUM_DEPTH: 0.5
  apply_topography_edits_from_file MASKING_DEPTH: -9999.0
  SIS_initialize_topography MAXIMUM_DEPTH: 5000.0
  limit_topography MINIMUM_DEPTH: 0.5
  MOM_grid_init initialize_masks MINIMUM_DEPTH: 0.5
  MOM_grid_init initialize_masks MASKING_DEPTH: -9999.0
  SIS_initialize_fixed CHANNEL_CONFIG: none
  MOM_initialize_rotation ROTATION: 2omegasinlat
  set_rotation_planetary OMEGA: 0.0
  initialize_grid_rotation_angle GRID_ROTATION_ANGLE_BUGS: False
hor_grid: unknown
  hor_grid NIBLOCK: 1
  hor_grid NJBLOCK: 1
MOM_hor_index: unknown
  SIS_diag_mediator SIS_AVAILABLE_DIAGS_FILE: SIS.available_diags
SIS_diag_mediator: unknown
  SIS_diag_mediator GRID_CONFIG: mosaic
SIS2_ice_thm (thermo): unknown
  SIS2_ice_thm (thermo) LATENT_HEAT_FUSION: 3.34E+05
  SIS2_ice_thm (thermo) LATENT_HEAT_VAPOR: 2.5E+06
  SIS2_ice_thm (thermo) RHO_OCEAN: 1030.0
  SIS2_ice_thm (thermo) RHO_ICE: 905.0
  SIS2_ice_thm (thermo) RHO_SNOW: 330.0
  SIS2_ice_thm (thermo) CP_ICE: 2100.0
  SIS2_ice_thm (thermo) CP_SEAWATER: 4200.0
  SIS2_ice_thm (thermo) CP_BRINE: 4200.0
  SIS2_ice_thm (thermo) DTFREEZE_DS: -0.054
  SIS2_ice_thm (thermo) ENTHALPY_LIQUID_0: 0.0
  SIS2_ice_thm (thermo) SUBLIMATION_BUG: False
  SIS2_ice_thm (thermo) SPECIFIED_ICE: False
  SIS2_ice_thm (thermo) USE_SLAB_ICE: False
SIS_tracer_registry: unknown
SIS_tracer_flow_control: unknown
  SIS_tracer_flow_control USE_ICE_AGE_TRACER: False

ice model aux domain decomposition:     1 X    1
   pe,   is,  ie,  js,  je,    isd, ied, jsd, jed

ice model aux domain decomposition:     1 X    1
   pe,   is,  ie,  js,  je,    isd, ied, jsd, jed

ice_nohalo domain decomposition:     1 X    1
   pe,   is,  ie,  js,  je,    isd, ied, jsd, jed
ice_grid: unknown
  ice_grid NCAT_ICE: 5
  ice_grid NK_ICE: 4
  ice_grid NK_SNOW: 1
  ice_grid MIN_OCEAN_PARTSIZE: 0.0
  SIS_diag_mediator SIS_FAST_AVAILABLE_DIAGS_FILE: SIS_fast.available_diags
SIS_diag_mediator: unknown
  SIS_diag_mediator GRID_CONFIG: mosaic

ice_nohalo domain decomposition:     1 X    1
   pe,   is,  ie,  js,  je,    isd, ied, jsd, jed
SIS_slow_thermo: unknown
  SIS_slow_thermo SPECIFIED_ICE: False
  SIS_slow_thermo DO_RIDGING: False
  SIS_slow_thermo ICE_BULK_SALINITY: 4.0
  SIS_slow_thermo ICE_RELATIVE_SALINITY: 0.0
  SIS_slow_thermo SIS2_FILLING_FRAZIL: True
  SIS_slow_thermo FILLING_FRAZIL_TIMESCALE: 0.0
  SIS_slow_thermo APPLY_ICE_LIMIT: False
  SIS_slow_thermo DO_ICE_RESTORE: False
  SIS_slow_thermo NUDGE_SEA_ICE: False
  SIS_slow_thermo TRANSMUTE_SEA_ICE: False
  SIS_slow_thermo DEBUG: False
  SIS_slow_thermo DEBUG_SLOW_ICE: False
  SIS_slow_thermo COLUMN_CHECK: False
  SIS_slow_thermo IMBALANCE_TOLERANCE: 1.0E-09
  SIS_slow_thermo ICE_BOUNDS_CHECK: True
SIS2_ice_thm (updates): unknown
  SIS2_ice_thm (updates) SNOW_CONDUCTIVITY: 0.31
  SIS2_ice_thm (updates) ICE_CONDUCTIVITY: 2.03
  SIS2_ice_thm (updates) MIN_H_FOR_TEMP_CALC: 0.0
  SIS2_ice_thm (updates) DO_POND: False
  SIS2_ice_thm (updates) TDRAIN: -0.8
  SIS2_ice_thm (updates) R_MIN_POND: 0.15
  SIS2_ice_thm (updates) R_MAX_POND: 0.9
  SIS2_ice_thm (updates) MIN_POND_FRAC: 0.2
  SIS2_ice_thm (updates) MAX_POND_FRAC: 0.5
  SIS2_ice_thm (updates) ICE_TEMP_RANGE_ESTIMATE: 40.0
SIS_dyn_trans: unknown
  SIS_dyn_trans CGRID_ICE_DYNAMICS: True
  SIS_dyn_trans DT_ICE_DYNAMICS: -1.0
  SIS_dyn_trans MERGED_CONTINUITY: False
  SIS_dyn_trans DO_RIDGING: False
  SIS_dyn_trans NSTEPS_ADV: 1
  SIS_dyn_trans ICEBERG_WINDSTRESS_BUG: False
  SIS_dyn_trans WARSAW_SUM_ORDER: True
  SIS_dyn_trans TIMEUNIT: 8.64E+04
  SIS_dyn_trans ICE_STATS_INTERVAL (Time): 1:0
  SIS_dyn_trans DEBUG: False
  SIS_dyn_trans DEBUG_SLOW_ICE: False
  SIS_dyn_trans COLUMN_CHECK: False
  SIS_dyn_trans IMBALANCE_TOLERANCE: 1.0E-09
  SIS_dyn_trans ICE_BOUNDS_CHECK: True
  SIS_dyn_trans VERBOSE: False
SIS_C_dyn: unknown
  SIS_C_dyn DT_RHEOLOGY: -1.0
  SIS_C_dyn NSTEPS_DYN: 432
  SIS_C_dyn ICE_TDAMP_ELASTIC: -0.2
  SIS_C_dyn WEAK_LOW_SHEAR_ICE: False
  SIS_C_dyn PROJECT_ICE_DRAG_VEL: True
  SIS_C_dyn ICE_YIELD_ELLIPTICITY: 2.0
  SIS_C_dyn ICE_STRENGTH_PSTAR: 2.75E+04
  SIS_C_dyn ICE_STRENGTH_CSTAR: 20.0
  SIS_C_dyn ICE_CDRAG_WATER: 0.00324
  SIS_C_dyn MIN_OCN_INTERTIAL_H: 0.0
  SIS_C_dyn ICE_DEL_SH_MIN_SCALE: 2.0
  SIS_C_dyn PROJECT_ICE_CONCENTRATION: True
  SIS_C_dyn RHO_OCEAN: 1030.0
  SIS_C_dyn RHO_ICE: 905.0
  SIS_C_dyn CFL_TRUNCATE: 0.5
  SIS_C_dyn CFL_TRUNC_DYN_ITS: False
  SIS_C_dyn DEBUG: False
  SIS_C_dyn DEBUG_SLOW_ICE: False
  SIS_C_dyn DEBUG_EVP_SUBSTEPS: False
  SIS_C_dyn DEBUG_REDUNDANT: False
  SIS_C_dyn U_TRUNC_FILE:
  SIS_C_dyn V_TRUNC_FILE:
  SIS_C_dyn MAX_TRUNC_FILE_SIZE_PER_PE: 50
  SIS_C_dyn LEMIEUX_LANDFAST: False
SIS_transport: unknown
  SIS_transport RECATEGORIZE_ICE: True
  SIS_transport RHO_ICE: 905.0
  SIS_transport SEA_ICE_ROLL_FACTOR: 1.0
  SIS_transport ICE_COVER_DISCARD: -1.0
  SIS_transport CHECK_ICE_TRANSPORT_CONSERVATION: False
  SIS_transport DO_RIDGING: False
  SIS_transport SIS_THICKNESS_ADVECTION_SCHEME: UPWIND_2D
  SIS_transport ICE_BOUNDS_CHECK: True
  SIS_transport INCONSISTENT_COVER_BUG: False
SIS_continuity: unknown
  SIS_continuity SIS_CONTINUITY_SCHEME: UPWIND_2D
  SIS_continuity CONT_PPM_VOLUME_BASED_CFL: False
  SIS_continuity CONTINUITY_H_NEGLECT: 0.0
  SIS_continuity CONTINUITY_FRAC_NEGLECT: 0.0
SIS_tracer_advect: unknown
  SIS_tracer_advect DEBUG: False
  SIS_tracer_advect DEBUG_SLOW_ICE: False
  SIS_tracer_advect SIS_TRACER_ADVECTION_SCHEME: UPWIND_2D
  SIS_tracer_advect CFL_MASS_NEGLECT_BUG: False
  SIS_tracer_advect ADCROFT_ADVECTIVE_CFL: False
  SIS_tracer_advect DEBUG: False
  SIS_tracer_advect DEBUG_SLOW_ICE: False
  SIS_tracer_advect CFL_MASS_NEGLECT_BUG: False
  SIS_tracer_advect ADCROFT_ADVECTIVE_CFL: False
SIS_sum_output: unknown
  SIS_sum_output WRITE_STOCKS: True
  SIS_sum_output STDOUT_HEARTBEAT: True
  SIS_sum_output MAXTRUNC: 0
  SIS_sum_output STATISTICS_FILE: seaice.stats
  SIS_sum_output output_path/STATISTICS_FILE: ./seaice.stats
  SIS_sum_output TIMEUNIT: 8.64E+04
  SIS_sum_output COLUMN_CHECK: False
  SIS_sum_output IMBALANCE_TOLERANCE: 1.0E-09
SIS_ice_diagnostics: unknown

================================================================================
ASTRONOMY_MOD
unknown
&ASTRONOMY_NML
 ECC=  1.6709999999999999E-002,
 OBLIQ=  23.439000000000000     ,
 PER=  102.93200000000000     ,
 PERIOD=0          ,
 YEAR_AE=1998       ,
 MONTH_AE=9          ,
 DAY_AE=23         ,
 HOUR_AE=5          ,
 MINUTE_AE=37         ,
 SECOND_AE=0          ,
 NUM_ANGLES=3600       ,
 /
SIS_fast_thermo: unknown
  SIS_fast_thermo REORDER_0C_HEATFLUX: False
  SIS_fast_thermo MAX_TSKIN_ITT: 10
  SIS_fast_thermo COLUMN_CHECK: False
  SIS_fast_thermo IMBALANCE_TOLERANCE: 1.0E-09
  SIS_fast_thermo ICE_BOUNDS_CHECK: True
  SIS_fast_thermo DEBUG: False
  SIS_fast_thermo DEBUG_SLOW_ICE: False
  SIS_fast_thermo DEBUG_FAST_ICE: False
SIS2_ice_thm (updates): unknown
  SIS2_ice_thm (updates) SNOW_CONDUCTIVITY: 0.31
  SIS2_ice_thm (updates) ICE_CONDUCTIVITY: 2.03
  SIS2_ice_thm (updates) MIN_H_FOR_TEMP_CALC: 0.0
  SIS2_ice_thm (updates) DO_POND: False
  SIS2_ice_thm (updates) TDRAIN: -0.8
  SIS2_ice_thm (updates) R_MIN_POND: 0.15
  SIS2_ice_thm (updates) R_MAX_POND: 0.9
  SIS2_ice_thm (updates) MIN_POND_FRAC: 0.2
  SIS2_ice_thm (updates) MAX_POND_FRAC: 0.5
  SIS2_ice_thm (updates) ICE_TEMP_RANGE_ESTIMATE: 40.0
SIS_optics: unknown
  SIS_optics DO_DELTA_EDDINGTON_SW: True
  SIS_optics DO_POND: False
  SIS_optics MIN_POND_FRAC: 0.2
  SIS_optics MAX_POND_FRAC: 0.5
  SIS_optics ICE_DELTA_EDD_R_ICE: 0.0
  SIS_optics ICE_DELTA_EDD_R_SNOW: 0.0
  SIS_optics ICE_DELTA_EDD_R_POND: 0.0
MOM_file_parser: unknown
  MOM_file_parser SEND_LOG_TO_STDOUT: False
  MOM_file_parser REPORT_UNUSED_PARAMS: True
  MOM_file_parser FATAL_UNUSED_PARAMS: False
  MOM_file_parser DOCUMENT_FILE: SIS_parameter_doc
  MOM_file_parser COMPLETE_DOCUMENTATION: True
  MOM_file_parser MINIMAL_DOCUMENTATION: True
&DATA_OVERRIDE_NML
 DEBUG_DATA_OVERRIDE=F,
 GRID_CENTER_BUG=F,
 REPRODUCE_NULL_CHAR_BUG=F,
 /
find_obsolete_params: unknown
MOM_unit_scaling: unknown
  MOM_unit_scaling Z_RESCALE_POWER: 0
  MOM_unit_scaling L_RESCALE_POWER: 0
  MOM_unit_scaling T_RESCALE_POWER: 0
  MOM_unit_scaling R_RESCALE_POWER: 0
  MOM_unit_scaling Q_RESCALE_POWER: 0
MOM: unknown
  MOM VERBOSITY: 2
  MOM DO_UNIT_TESTS: False
  MOM SPLIT: True
  MOM CALC_RHO_FOR_SEA_LEVEL: False
  MOM ENABLE_THERMODYNAMICS: True
  MOM USE_EOS: True
  MOM DIABATIC_FIRST: False
  MOM USE_CONTEMP_ABSSAL: False
  MOM ADIABATIC: False
  MOM DO_DYNAMICS: True
  MOM OFFLINE_TRACER_MODE: False
  MOM USE_REGRIDDING: True
  MOM BULKMIXEDLAYER: False
  MOM THICKNESSDIFFUSE: False
  MOM THICKNESSDIFFUSE_FIRST: True
  MOM BATHYMETRY_AT_VEL: False
  MOM DEBUG: False
  MOM DEBUG_TRUNCATIONS: False
  MOM DT: 900.0
  MOM DT_THERM: 900.0
  MOM THERMO_SPANS_COUPLING: False
  MOM HMIX_SFC_PROP: 1.0
  MOM HMIX_UV_SFC_PROP: 0.0
  MOM HFREEZE: -1.0
  MOM INTERPOLATE_P_SURF: False
  MOM DTBT: -0.9
  MOM DTBT_RESET_PERIOD: 900.0
  MOM FRAZIL: False
  MOM DO_GEOTHERMAL: True
  MOM BOUND_SALINITY: True
  MOM MIN_SALINITY: 0.0
  MOM C_P: 3992.0
  MOM USE_PSURF_IN_EOS: True
  MOM P_REF: 2.0E+07
  MOM GLOBAL_INDEXING: False
  MOM FIRST_DIRECTION: 0
  MOM CHECK_BAD_SURFACE_VALS: True
  MOM BAD_VAL_SSH_MAX: 50.0
  MOM BAD_VAL_SSS_MAX: 75.0
  MOM BAD_VAL_SST_MAX: 55.0
  MOM BAD_VAL_SST_MIN: -3.0
  MOM BAD_VAL_COLUMN_THICKNESS: 0.0
  MOM DEFAULT_2018_ANSWERS: False
  MOM SURFACE_2018_ANSWERS: False
  MOM USE_DIABATIC_TIME_BUG: False
  MOM SAVE_INITIAL_CONDS: False
  MOM IC_OUTPUT_FILE: MOM_IC
  MOM WRITE_GEOM: 0
  MOM ENSEMBLE_OCEAN: False
  MOM ROTATE_INDEX: False
MOM_domains: unknown
  MOM_domains REENTRANT_X: True
  MOM_domains REENTRANT_Y: True
  MOM_domains TRIPOLAR_N: False
  MOM_domains !SYMMETRIC_MEMORY_: True
  MOM_domains NONBLOCKING_UPDATES: False
  MOM_domains THIN_HALO_UPDATES: True
  MOM_domains !STATIC_MEMORY_: False
  MOM_domains NIGLOBAL: 4
  MOM_domains NJGLOBAL: 4
  MOM_domains NIHALO: 3
  MOM_domains NJHALO: 3
  MOM_domains MASKTABLE: MOM_mask_table
  MOM_domains NIPROC: 1
  MOM_domains NJPROC: 1
  MOM_domains LAYOUT: 1, 1
  MOM_domains IO_LAYOUT: 1, 1

MOM_in domain decomposition:     1 X    1
   pe,   is,  ie,  js,  je,    isd, ied, jsd, jed

MOM_inc domain decomposition:     1 X    1
   pe,   is,  ie,  js,  je,    isd, ied, jsd, jed
MOM_debugging: unknown
  MOM_debugging DEBUG: False
  MOM_debugging DEBUG_CHKSUMS: False
  MOM_debugging DEBUG_REDUNDANT: False
MOM_checksums: unknown
MOM_io: unknown
MOM_hor_index: unknown

MOM_in domain decomposition:     1 X    1
   pe,   is,  ie,  js,  je,    isd, ied, jsd, jed

MOM_in domain decomposition:     1 X    1
   pe,   is,  ie,  js,  je,    isd, ied, jsd, jed
MOM_fixed_initialization: unknown
  MOM_fixed_initialization DEBUG: False
  MOM_fixed_initialization INPUTDIR: INPUT
MOM_grid_init: unknown
  MOM_grid_init GRID_CONFIG: mosaic
  MOM_grid_init DEBUG: False
  MOM_grid_init set_grid_metrics_from_mosaic GRID_FILE: ocean_hgrid.nc
  MOM_grid_init set_grid_metrics_from_mosaic USE_TRIPOLAR_GEOLONB_BUG: False
  MOM_grid_init set_grid_metrics_from_mosaic INPUTDIR: INPUT
  MOM_grid_init set_grid_metrics_from_mosaic INPUTDIR/GRID_FILE: INPUT/ocean_hgrid.nc

MOM_MOSAIC domain decomposition:     1 X    1
   pe,   is,  ie,  js,  je,    isd, ied, jsd, jed

MOM_MOSAIC domain decomposition:     1 X    1
   pe,   is,  ie,  js,  je,    isd, ied, jsd, jed
  MOM_initialize_topography TOPO_CONFIG: file
  initialize_topography_from_file INPUTDIR: INPUT
  initialize_topography_from_file TOPO_FILE: ocean_topog.nc
  initialize_topography_from_file TOPO_VARNAME: depth
  initialize_topography_from_file INPUTDIR/TOPO_FILE: INPUT/ocean_topog.nc
  apply_topography_edits_from_file INPUTDIR: INPUT
  apply_topography_edits_from_file TOPO_EDITS_FILE:
  apply_topography_edits_from_file ALLOW_LANDMASK_CHANGES: False
  apply_topography_edits_from_file MINIMUM_DEPTH: 9.5
  apply_topography_edits_from_file MASKING_DEPTH: 0.0
  MOM_initialize_topography MAXIMUM_DEPTH: 6500.0
  limit_topography MINIMUM_DEPTH: 9.5
MOM_open_boundary: unknown
  MOM_open_boundary OBC_NUMBER_OF_SEGMENTS: 0
  MOM_grid_init initialize_masks MINIMUM_DEPTH: 9.5
  MOM_grid_init initialize_masks MASKING_DEPTH: 0.0
  MOM_fixed_initialization CHANNEL_CONFIG: none
  MOM_initialize_rotation ROTATION: 2omegasinlat
  set_rotation_planetary OMEGA: 7.2921E-05
  initialize_grid_rotation_angle GRID_ROTATION_ANGLE_BUGS: False
MOM_verticalGrid: unknown
  MOM_verticalGrid G_EARTH: 9.8
  MOM_verticalGrid RHO_0: 1035.0
  MOM_verticalGrid BOUSSINESQ: True
  MOM_verticalGrid ANGSTROM: 1.0E-10
  MOM_verticalGrid H_RESCALE_POWER: 0
  MOM_verticalGrid H_TO_M: 1.0
  MOM_verticalGrid NK: 75
  MOM_verticalGrid M to THICKNESS: 1.0
  MOM_verticalGrid M to THICKNESS rescaled by 2^-n: 1.0
  MOM_verticalGrid THICKNESS to M rescaled by 2^n: 1.0

MOM_in domain decomposition:     1 X    1
   pe,   is,  ie,  js,  je,    isd, ied, jsd, jed

MOM_in domain decomposition:     1 X    1
   pe,   is,  ie,  js,  je,    isd, ied, jsd, jed
MOM_tracer_registry: unknown
  MOM NK_RHO_VARIES: 0
MOM_EOS: unknown
  MOM_EOS EQN_OF_STATE: WRIGHT
  MOM_EOS EOS_QUADRATURE: False
  MOM_EOS TFREEZE_FORM: LINEAR
  MOM_EOS TFREEZE_S0_P0: 0.0
  MOM_EOS DTFREEZE_DS: -0.054
  MOM_EOS DTFREEZE_DP: -7.75E-08
MOM_restart: unknown
  MOM_restart PARALLEL_RESTARTFILES: False
  MOM_restart RESTARTFILE: MOM.res
  MOM_restart LARGE_FILE_SUPPORT: True
  MOM_restart MAX_FIELDS: 500
  MOM_restart RESTART_CHECKSUMS_REQUIRED: True
MOM_tracer_flow_control: unknown
  MOM_tracer_flow_control USE_USER_TRACER_EXAMPLE: False
  MOM_tracer_flow_control USE_DOME_TRACER: False
  MOM_tracer_flow_control USE_ISOMIP_TRACER: False
  MOM_tracer_flow_control USE_RGC_TRACER: False
  MOM_tracer_flow_control USE_IDEAL_AGE_TRACER: False
  MOM_tracer_flow_control USE_REGIONAL_DYES: False
  MOM_tracer_flow_control USE_OIL_TRACER: False
  MOM_tracer_flow_control USE_ADVECTION_TEST_TRACER: False
  MOM_tracer_flow_control USE_OCMIP2_CFC: False
  MOM_tracer_flow_control USE_generic_tracer: True
  MOM_tracer_flow_control USE_PSEUDO_SALT_TRACER: False
  MOM_tracer_flow_control USE_BOUNDARY_IMPULSE_TRACER: False
  MOM_tracer_flow_control USE_DYED_OBC_TRACER: False
register_MOM_generic_tracer: unknown
  register_MOM_generic_tracer GENERIC_TRACER_IC_FILE: MOM_GENERICS.res.nc
  register_MOM_generic_tracer INPUTDIR: INPUT
  register_MOM_generic_tracer INPUTDIR/GENERIC_TRACER_IC_FILE: INPUT/MOM_GENERICS.res.nc
  register_MOM_generic_tracer GENERIC_TRACER_IC_FILE_IS_Z: False
  register_MOM_generic_tracer TRACERS_MAY_REINIT: True
MOM_grid: unknown
  MOM_grid NIBLOCK: 1
  MOM_grid NJBLOCK: 1
  MOM_grid REFERENCE_HEIGHT: 0.0
MOM_coord_initialization: unknown
  MOM_coord_initialization DEBUG: False
  MOM_coord_initialization COORD_CONFIG: none
  set_coord_to_none GFS: 9.8
  MOM_ALE REMAP_UV_USING_OLD_ALG: False
  MOM_ALE REGRIDDING_COORDINATE_MODE: Z*
  MOM_ALE INPUTDIR: INPUT
  MOM_ALE REGRIDDING_COORDINATE_UNITS: m
  MOM_ALE ALE_COORDINATE_CONFIG: FNC1:2,6500,6,.01
  MOM_ALE !ALE_RESOLUTION: 11*2.0, 2*2.01, 2.02, 2.03, 2.04, 2.06, 2.08, 2.12, 2.16, 2.22, 2.3, 2.4, 2.52, 2.67, 2.85, 3.08, 3.35, 3.6799999999999997, 4.08, 4.54, 5.1, 5.75, 6.51, 7.39, 8.42, 9.600000000000001, 10.96, 12.51, 14.280000000000001, 16.3, 18.580000000000002, 21.16, 24.07, 27.330000000000002, 30.990000000000002, 35.07, 39.63, 44.69, 50.32, 56.54, 63.42, 71.01, 79.37, 88.55, 98.63, 109.66, 121.72, 134.89000000000001, 149.24, 164.86, 181.84, 200.27, 220.25, 241.88, 265.27, 290.52, 317.76, 347.12, 378.71, 412.68, 449.16, 488.31, 530.27, 575.19
  MOM_ALE MIN_THICKNESS: 0.001
  MOM_ALE REMAPPING_SCHEME: PPM_H4
  MOM_ALE FATAL_CHECK_RECONSTRUCTIONS: False
  MOM_ALE FATAL_CHECK_REMAPPING: False
  MOM_ALE REMAP_BOUND_INTERMEDIATE_VALUES: False
  MOM_ALE REMAP_BOUNDARY_EXTRAP: False
  MOM_ALE DEFAULT_2018_ANSWERS: False
  MOM_ALE REMAPPING_2018_ANSWERS: False
  MOM_ALE REMAP_AFTER_INITIALIZATION: True
  MOM_ALE REGRID_TIME_SCALE: 0.0
  MOM_ALE REGRID_FILTER_SHALLOW_DEPTH: 0.0
  MOM_ALE REGRID_FILTER_DEEP_DEPTH: 0.0

MOM_in domain decomposition:     1 X    1
   pe,   is,  ie,  js,  je,    isd, ied, jsd, jed

MOM_in domain decomposition:     1 X    1
   pe,   is,  ie,  js,  je,    isd, ied, jsd, jed
MOM_state_initialization: unknown
  MOM_state_initialization DEBUG: False
  MOM_state_initialization DEBUG_OBC: False
  MOM_state_initialization INPUTDIR: INPUT
  MOM_initialize_layers_from_Z INPUTDIR: INPUT
  MOM_initialize_layers_from_Z REENTRANT_X: True
  MOM_initialize_layers_from_Z TRIPOLAR_N: False
  MOM_initialize_layers_from_Z DEFAULT_2018_ANSWERS: False
  MOM_initialize_layers_from_Z TEMP_SALT_INIT_VERTICAL_REMAP_ONLY: False
  MOM_initialize_layers_from_Z REMAPPING_2018_ANSWERS: False
  MOM_initialize_layers_from_Z HOR_REGRID_2018_ANSWERS: False
  MOM_state_initialization ODA_INCUPD: False
  MOM_state_initialization SPONGE: False
MOM_diag_mediator: unknown
  MOM_diag_mediator NUM_DIAG_COORDS: 2
  MOM_diag_mediator DEFAULT_2018_ANSWERS: False
  MOM_diag_mediator REMAPPING_2018_ANSWERS: False
  MOM_diag_mediator USE_GRID_SPACE_DIAGNOSTIC_AXES: False
  MOM_diag_mediator DIAG_COORDS: z 01 ZSTAR", "zsfc 02 ZSTAR
  MOM_diag_mediator DIAG_MISVAL: 1.0E+20
  MOM_diag_mediator DIAG_AS_CHKSUM: False
  MOM_diag_mediator AVAILABLE_DIAGS_FILE: available_diags.000000
  MOM_diag_remap INPUTDIR: INPUT
  MOM_diag_remap DIAG_COORD_DEF_01: WOA09
  MOM_diag_remap INPUTDIR: INPUT
  MOM_diag_remap DIAG_COORD_DEF_02: UNIFORM:10,500.
MOM_MEKE: unknown
  MOM_MEKE USE_MEKE: False
MOM_lateral_mixing_coeffs: unknown
  MOM_lateral_mixing_coeffs USE_VARIABLE_MIXING: False
  MOM_lateral_mixing_coeffs USE_VISBECK: False
  MOM_lateral_mixing_coeffs RESOLN_SCALED_KH: False
  MOM_lateral_mixing_coeffs DEPTH_SCALED_KHTH: False
  MOM_lateral_mixing_coeffs RESOLN_SCALED_KHTH: False
  MOM_lateral_mixing_coeffs RESOLN_SCALED_KHTR: False
  MOM_lateral_mixing_coeffs RESOLN_USE_EBT: False
  MOM_lateral_mixing_coeffs KHTH_USE_EBT_STRUCT: False
  MOM_lateral_mixing_coeffs KHTH_SLOPE_CFF: 0.0
  MOM_lateral_mixing_coeffs KHTR_SLOPE_CFF: 0.0
  MOM_lateral_mixing_coeffs USE_STORED_SLOPES: False
  MOM_lateral_mixing_coeffs VERY_SMALL_FREQUENCY: 1.0E-17
  MOM_lateral_mixing_coeffs USE_QG_LEITH_GM: False
MOM_set_visc: unknown
  MOM_set_visc INPUTDIR: INPUT
  MOM_set_visc DEFAULT_2018_ANSWERS: False
  MOM_set_visc SET_VISC_2018_ANSWERS: False
  MOM_set_visc BOTTOMDRAGLAW: True
  MOM_set_visc CHANNEL_DRAG: False
  MOM_set_visc LINEAR_DRAG: False
  MOM_set_visc PRANDTL_TURB: 1.25
  MOM_set_visc DEBUG: False
  MOM_set_visc DYNAMIC_VISCOUS_ML: False
  MOM_set_visc OMEGA: 7.2921E-05
  MOM_set_visc HBBL: 10.0
  MOM_set_visc CDRAG: 0.003
  MOM_set_visc BBL_USE_TIDAL_BG: False
  MOM_set_visc DRAG_BG_VEL: 0.1
  MOM_set_visc BBL_USE_EOS: True
  MOM_set_visc BBL_THICK_MIN: 0.1
  MOM_set_visc HTBL_SHELF_MIN: 0.1
  MOM_set_visc HTBL_SHELF: 10.0
  MOM_set_visc KV: 1.0E-04
  MOM_set_visc KV_BBL_MIN: 0.0
  MOM_set_visc KV_TBL_MIN: 0.0
  MOM_set_visc CORRECT_BBL_BOUNDS: False
MOM_thickness_diffuse: unknown
  MOM_thickness_diffuse THICKNESSDIFFUSE: False
  MOM_thickness_diffuse KHTH: 0.0
  MOM_thickness_diffuse KHTH_SLOPE_CFF: 0.0
  MOM_thickness_diffuse KHTH_MIN: 0.0
  MOM_thickness_diffuse KHTH_MAX: 0.0
  MOM_thickness_diffuse KHTH_MAX_CFL: 0.1
  MOM_thickness_diffuse DETANGLE_INTERFACES: False
  MOM_thickness_diffuse KHTH_SLOPE_MAX: 0.01
  MOM_thickness_diffuse KD_SMOOTH: 1.0E-06
  MOM_thickness_diffuse KHTH_USE_FGNV_STREAMFUNCTION: False
  MOM_thickness_diffuse STANLEY_PRM_DET_COEFF: -1.0
  MOM_thickness_diffuse DEBUG: False
  MOM_thickness_diffuse MEKE_GM_SRC_ALT: False
  MOM_thickness_diffuse MEKE_GEOMETRIC: False
  MOM_thickness_diffuse USE_KH_IN_MEKE: False
  MOM_thickness_diffuse USE_GME: False
  MOM_thickness_diffuse USE_GM_WORK_BUG: False
MOM_dynamics_split_RK2: unknown
  MOM_dynamics_split_RK2 TIDES: False
  MOM_dynamics_split_RK2 BE: 0.6
  MOM_dynamics_split_RK2 BEGW: 0.0
  MOM_dynamics_split_RK2 SPLIT_BOTTOM_STRESS: False
  MOM_dynamics_split_RK2 BT_USE_LAYER_FLUXES: True
  MOM_dynamics_split_RK2 DEBUG: False
  MOM_dynamics_split_RK2 DEBUG_OBC: False
  MOM_dynamics_split_RK2 DEBUG_TRUNCATIONS: False
MOM_continuity: unknown
  MOM_continuity CONTINUITY_SCHEME: PPM
MOM_continuity_PPM: unknown
  MOM_continuity_PPM MONOTONIC_CONTINUITY: False
  MOM_continuity_PPM SIMPLE_2ND_PPM_CONTINUITY: False
  MOM_continuity_PPM UPWIND_1ST_CONTINUITY: False
  MOM_continuity_PPM ETA_TOLERANCE: 1.0E-06
  MOM_continuity_PPM ETA_TOLERANCE_AUX: 0.001
  MOM_continuity_PPM VELOCITY_TOLERANCE: 3.0E+08
  MOM_continuity_PPM CONT_PPM_AGGRESS_ADJUST: False
  MOM_continuity_PPM CONT_PPM_VOLUME_BASED_CFL: False
  MOM_continuity_PPM CONTINUITY_CFL_LIMIT: 0.5
  MOM_continuity_PPM CONT_PPM_BETTER_ITER: True
  MOM_continuity_PPM CONT_PPM_USE_VISC_REM_MAX: True
  MOM_continuity_PPM CONT_PPM_MARGINAL_FACE_AREAS: True
MOM_CoriolisAdv: unknown
  MOM_CoriolisAdv NOSLIP: False
  MOM_CoriolisAdv CORIOLIS_EN_DIS: False
  MOM_CoriolisAdv CORIOLIS_SCHEME: SADOURNY75_ENSTRO
  MOM_CoriolisAdv BOUND_CORIOLIS: True
  MOM_CoriolisAdv KE_SCHEME: KE_ARAKAWA
  MOM_CoriolisAdv PV_ADV_SCHEME: PV_ADV_CENTERED
MOM_PressureForce: unknown
  MOM_PressureForce ANALYTIC_FV_PGF: True
MOM_PressureForce_FV: unknown
  MOM_PressureForce_FV RHO_0: 1035.0
  MOM_PressureForce_FV TIDES: False
  MOM USE_REGRIDDING: True
  MOM_PressureForce_FV MASS_WEIGHT_IN_PRESSURE_GRADIENT: True
  MOM_PressureForce_FV USE_INACCURATE_PGF_RHO_ANOM: False
  MOM_PressureForce_FV RECONSTRUCT_FOR_PRESSURE: True
  MOM_PressureForce_FV PRESSURE_RECONSTRUCTION_SCHEME: 1
  MOM_PressureForce_FV BOUNDARY_EXTRAPOLATION_PRESSURE: True
  MOM_PressureForce_FV PGF_STANLEY_T2_DET_COEFF: -1.0
  MOM_PressureForce_FV GFS / G_EARTH: 1.0
MOM_hor_visc: unknown
  MOM_hor_visc GET_ALL_PARAMS: False
  MOM_hor_visc DEFAULT_2018_ANSWERS: False
  MOM_hor_visc HOR_VISC_2018_ANSWERS: False
  MOM_hor_visc DEBUG: False
  MOM_hor_visc LAPLACIAN: False
  MOM_hor_visc BIHARMONIC: True
  MOM_hor_visc AH: 0.0
  MOM_hor_visc AH_VEL_SCALE: 0.01
  MOM_hor_visc AH_TIME_SCALE: 0.0
  MOM_hor_visc SMAGORINSKY_AH: False
  MOM_hor_visc LEITH_AH: False
  MOM_hor_visc BOUND_AH: True
  MOM_hor_visc BETTER_BOUND_AH: True
  MOM_hor_visc RE_AH: 0.0
  MOM_hor_visc USE_LAND_MASK_FOR_HVISC: True
  MOM_hor_visc HORVISC_BOUND_COEF: 0.8
  MOM_hor_visc NOSLIP: False
  MOM_hor_visc USE_KH_BG_2D: False
  MOM_hor_visc USE_GME: False
  MOM_hor_visc DT: 900.0
MOM_vert_friction: unknown
  MOM_vert_friction DEFAULT_2018_ANSWERS: False
  MOM_vert_friction VERT_FRICTION_2018_ANSWERS: False
  MOM_vert_friction BOTTOMDRAGLAW: True
  MOM_vert_friction CHANNEL_DRAG: False
  MOM_vert_friction DIRECT_STRESS: False
  MOM_vert_friction DYNAMIC_VISCOUS_ML: False
  MOM_vert_friction U_TRUNC_FILE: U_velocity_truncations
  MOM_vert_friction V_TRUNC_FILE: V_velocity_truncations
  MOM_vert_friction HARMONIC_VISC: False
  MOM_vert_friction HARMONIC_BL_SCALE: 0.0
  MOM_vert_friction DEBUG: False
  MOM_vert_friction HMIX_FIXED: 0.5
  MOM_vert_friction KV: 1.0E-04
  MOM_vert_friction KVML: 1.0E-04
  MOM_vert_friction HBBL: 10.0
  MOM_vert_friction MAXVEL: 6.0
  MOM_vert_friction CFL_BASED_TRUNCATIONS: True
  MOM_vert_friction CFL_TRUNCATE: 0.5
  MOM_vert_friction CFL_REPORT: 0.5
  MOM_vert_friction CFL_TRUNCATE_RAMP_TIME: 0.0
  MOM_vert_friction CFL_TRUNCATE_START: 0.0
  MOM_vert_friction STOKES_MIXING_COMBINED: False
  MOM_vert_friction VEL_UNDERFLOW: 0.0
MOM_PointAccel: unknown
  MOM_PointAccel U_TRUNC_FILE: U_velocity_truncations
  MOM_PointAccel V_TRUNC_FILE: V_velocity_truncations
  MOM_PointAccel MAX_TRUNC_FILE_SIZE_PER_PE: 50
  MOM_PointAccel output_dir/U_TRUNC_FILE: ./U_velocity_truncations
  MOM_PointAccel output_dir/V_TRUNC_FILE: ./V_velocity_truncations
MOM_barotropic: unknown
  MOM_barotropic SPLIT: True
  MOM_barotropic USE_BT_CONT_TYPE: True
  MOM_barotropic INTEGRAL_BT_CONTINUITY: False
  MOM_barotropic BOUND_BT_CORRECTION: True
  MOM_barotropic BT_CONT_CORR_BOUNDS: True
  MOM_barotropic ADJUST_BT_CONT: False
  MOM_barotropic GRADUAL_BT_ICS: False
  MOM_barotropic BT_USE_VISC_REM_U_UH0: False
  MOM_barotropic BT_USE_WIDE_HALOS: True
  MOM_barotropic BTHALO: 0
  MOM_barotropic !BT x-halo: 0
  MOM_barotropic !BT y-halo: 0
  MOM_barotropic BT_PROJECT_VELOCITY: True
  MOM_barotropic BT_NONLIN_STRESS: False
  MOM_barotropic DYNAMIC_SURFACE_PRESSURE: True
  MOM_barotropic ICE_LENGTH_DYN_PSURF: 1.0E+04
  MOM_barotropic DEPTH_MIN_DYN_PSURF: 1.0E-06
  MOM_barotropic CONST_DYN_PSURF: 0.9
  MOM_barotropic BT_CORIOLIS_SCALE: 1.0
  MOM_barotropic DEFAULT_2018_ANSWERS: False
  MOM_barotropic BAROTROPIC_2018_ANSWERS: False
  MOM_barotropic TIDES: False
  MOM_barotropic SADOURNY: True
  MOM_barotropic BT_THICK_SCHEME: FROM_BT_CONT
  MOM_barotropic BT_STRONG_DRAG: False
  MOM_barotropic BT_LINEAR_WAVE_DRAG: False
  MOM_barotropic CLIP_BT_VELOCITY: False
  MOM_barotropic MAXCFL_BT_CONT: 0.25
  MOM_barotropic VEL_UNDERFLOW: 0.0
  MOM_barotropic DT_BT_FILTER: -0.25
  MOM_barotropic G_BT_EXTRA: 0.0
  MOM_barotropic SSH_EXTRA: 10.0
  MOM_barotropic DEBUG: False
  MOM_barotropic DEBUG_BT: False
  MOM_barotropic LINEARIZED_BT_CORIOLIS: True
  MOM_barotropic BEBT: 0.2
  MOM_barotropic DTBT: -0.9
  MOM_barotropic BT_USE_OLD_CORIOLIS_BRACKET_BUG: True

MOM_in domain decomposition:     1 X    1
   pe,   is,  ie,  js,  je,    isd, ied, jsd, jed

MOM_in domain decomposition:     1 X    1
   pe,   is,  ie,  js,  je,    isd, ied, jsd, jed
  MOM_barotropic DTBT as used: 27.764623587902634
  MOM_barotropic estimated maximum DTBT: 30.696880231180494
MOM_mixed_layer_restrat: unknown
  MOM_mixed_layer_restrat MIXEDLAYER_RESTRAT: False
MOM_diagnostics: unknown
  MOM_diagnostics DIAG_EBT_MONO_N2_COLUMN_FRACTION: 0.0
  MOM_diagnostics DIAG_EBT_MONO_N2_DEPTH: -1.0
  MOM_diagnostics INTERNAL_WAVE_SPEED_TOL: 0.001
  MOM_diagnostics INTERNAL_WAVE_SPEED_MIN: 0.0
  MOM_diagnostics INTERNAL_WAVE_SPEED_BETTER_EST: False
  MOM_diagnostics DEFAULT_2018_ANSWERS: False
  MOM_diagnostics REMAPPING_2018_ANSWERS: False
MOM_diabatic_driver: unknown
  MOM_diabatic_driver USE_LEGACY_DIABATIC_DRIVER: True
  MOM_diabatic_driver SPONGE: False
  MOM_diabatic_driver ODA_INCUPD: False
  MOM_diabatic_driver ENABLE_THERMODYNAMICS: True
  MOM_diabatic_driver ENERGETICS_SFC_PBL: True
  MOM_diabatic_driver EPBL_IS_ADDITIVE: False
  MOM_diabatic_driver PRANDTL_EPBL: 1.0
  MOM_diabatic_driver DO_GEOTHERMAL: True
  MOM_diabatic_driver INTERNAL_TIDES: False
  MOM_diabatic_driver MASSLESS_MATCH_TARGETS: True
  MOM_diabatic_driver AGGREGATE_FW_FORCING: True
  MOM_diabatic_driver DEBUG: False
  MOM_diabatic_driver DEBUG_CONSERVATION: False
  MOM_diabatic_driver MIX_BOUNDARY_TRACERS: True
  MOM_diabatic_driver MIX_BOUNDARY_TRACER_ALE: False
  MOM_diabatic_driver KD: 5.0E-04
  MOM_diabatic_driver KD_MIN_TR: 5.0E-05
  MOM_diabatic_driver KD_BBL_TR: 0.0
  MOM_diabatic_driver TRACER_TRIDIAG: False
  MOM_diabatic_driver MINIMUM_FORCING_DEPTH: 0.001
  MOM_diabatic_driver EVAP_CFL_LIMIT: 0.8
  MOM_diabatic_driver MLD_EN_VALS: 3*0.0
  MOM_diabatic_driver DIAG_MLD_DENSITY_DIFF: 0.1
  MOM_diabatic_driver DIAG_DEPTH_SUBML_N2: 50.0
MOM_CVMix_KPP: unknown
  MOM_CVMix_KPP USE_KPP: False
MOM_CVMix_conv: unknown
  MOM_CVMix_conv USE_CVMix_CONVECTION: False
  MOM_entrain_diffusive KD: 5.0E-04
MOM_geothermal: unknown
  MOM_geothermal GEOTHERMAL_SCALE: 0.0
MOM_set_diffusivity: unknown
  MOM_set_diffusivity INPUTDIR: INPUT
  MOM_set_diffusivity FLUX_RI_MAX: 0.2
  MOM_set_diffusivity OMEGA: 7.2921E-05
  MOM_set_diffusivity DEFAULT_2018_ANSWERS: False
  MOM_set_diffusivity SET_DIFF_2018_ANSWERS: False
MOM_tidal_mixing: unknown
  MOM_tidal_mixing USE_CVMix_TIDAL: False
  MOM_tidal_mixing INT_TIDE_DISSIPATION: False
  MOM_set_diffusivity ML_RADIATION: False
  MOM_set_diffusivity BOTTOMDRAGLAW: True
  MOM_set_diffusivity CDRAG: 0.003
  MOM_set_diffusivity BBL_EFFIC: 0.2
  MOM_set_diffusivity BBL_MIXING_MAX_DECAY: 200.0
  MOM_set_diffusivity BBL_MIXING_AS_MAX: False
  MOM_set_diffusivity USE_LOTW_BBL_DIFFUSIVITY: True
  MOM_set_diffusivity LOTW_BBL_USE_OMEGA: True
  MOM_set_diffusivity SIMPLE_TKE_TO_KD: True
MOM_bkgnd_mixing: unknown
  MOM_bkgnd_mixing KD: 5.0E-04
  MOM_bkgnd_mixing KV: 1.0E-04
  MOM_bkgnd_mixing KD_MIN: 2.0E-06
  MOM_bkgnd_mixing KDML: 5.0E-04
  MOM_bkgnd_mixing HMIX_FIXED: 0.5
  MOM_bkgnd_mixing BRYAN_LEWIS_DIFFUSIVITY: False
  MOM_bkgnd_mixing HORIZ_VARYING_BACKGROUND: False
  MOM_bkgnd_mixing PRANDTL_BKGND: 1.0
  MOM_bkgnd_mixing HENYEY_IGW_BACKGROUND: False
  MOM_bkgnd_mixing HENYEY_IGW_BACKGROUND_NEW: False
  MOM_bkgnd_mixing KD_TANH_LAT_FN: False
  MOM_set_diffusivity KV: 1.0E-04
  MOM_set_diffusivity KD: 5.0E-04
  MOM_set_diffusivity KD_MIN: 2.0E-06
  MOM_set_diffusivity KD_MAX: 0.1
  MOM_set_diffusivity KD_ADD: 0.0
  MOM_set_diffusivity KD_SMOOTH: 1.0E-06
  MOM_set_diffusivity DEBUG: False
  MOM_set_diffusivity USER_CHANGE_DIFFUSIVITY: False
  MOM_set_diffusivity DISSIPATION_MIN: 0.0
  MOM_set_diffusivity DISSIPATION_N0: 0.0
  MOM_set_diffusivity DISSIPATION_N1: 0.0
  MOM_set_diffusivity DISSIPATION_KD_MIN: 0.0
  MOM_set_diffusivity DOUBLE_DIFFUSION: False
MOM_kappa_shear: unknown
  MOM_kappa_shear USE_JACKSON_PARAM: True
  MOM_kappa_shear VERTEX_SHEAR: False
  MOM_kappa_shear RINO_CRIT: 0.25
  MOM_kappa_shear SHEARMIX_RATE: 0.089
  MOM_kappa_shear MAX_RINO_IT: 25
  MOM_kappa_shear KD_KAPPA_SHEAR_0: 5.0E-04
  MOM_kappa_shear KD_TRUNC_KAPPA_SHEAR: 5.0E-06
  MOM_kappa_shear FRI_CURVATURE: -0.97
  MOM_kappa_shear TKE_N_DECAY_CONST: 0.24
  MOM_kappa_shear TKE_SHEAR_DECAY_CONST: 0.14
  MOM_kappa_shear KAPPA_BUOY_SCALE_COEF: 100.0
  MOM_kappa_shear KAPPA_N_OVER_S_SCALE_COEF2: 0.0
  MOM_kappa_shear KAPPA_SHEAR_TOL_ERR: 0.1
  MOM_kappa_shear TKE_BACKGROUND: 0.0
  MOM_kappa_shear KAPPA_SHEAR_ELIM_MASSLESS: True
  MOM_kappa_shear MAX_KAPPA_SHEAR_IT: 13
  MOM_kappa_shear VEL_UNDERFLOW: 0.0
  MOM_kappa_shear KAPPA_SHEAR_MAX_KAP_SRC_CHG: 10.0
  MOM_kappa_shear DEBUG: False
  MOM_kappa_shear KAPPA_SHEAR_ITER_BUG: False
  MOM_kappa_shear KAPPA_SHEAR_ALL_LAYER_TKE_BUG: False
  MOM_kappa_shear USE_RESTRICTIVE_TOLERANCE_CHECK: False
MOM_CVMix_shear: unknown
  MOM_CVMix_shear USE_LMD94: False
  MOM_CVMix_shear USE_PP81: False
MOM_CVMix_ddiff: unknown
  MOM_CVMix_ddiff USE_CVMIX_DDIFF: False
MOM_diabatic_aux: unknown
  MOM_diabatic_aux ENABLE_THERMODYNAMICS: True
  MOM_diabatic_aux RECLAIM_FRAZIL: True
  MOM_diabatic_aux PRESSURE_DEPENDENT_FRAZIL: True
  MOM_diabatic_aux IGNORE_FLUXES_OVER_LAND: False
  MOM_diabatic_aux DO_RIVERMIX: False
  MOM_diabatic_aux USE_RIVER_HEAT_CONTENT: False
  MOM_diabatic_aux USE_CALVING_HEAT_CONTENT: False
  MOM_diabatic_aux VAR_PEN_SW: False
MOM_energetic_PBL: unknown
  MOM_energetic_PBL OMEGA: 7.2921E-05
  MOM_energetic_PBL ML_OMEGA_FRAC: 0.001
  MOM_energetic_PBL EKMAN_SCALE_COEF: 1.0
  MOM_energetic_PBL DEFAULT_2018_ANSWERS: False
  MOM_energetic_PBL EPBL_2018_ANSWERS: False
  MOM_energetic_PBL EPBL_ORIGINAL_PE_CALC: True
  MOM_energetic_PBL MKE_TO_TKE_EFFIC: 0.0
  MOM_energetic_PBL TKE_DECAY: 0.01
  MOM_energetic_PBL MSTAR_MODE: -1
  MOM_energetic_PBL EPBL_MSTAR_SCHEME: CONSTANT
  MOM_energetic_PBL MSTAR: 0.0
  MOM_energetic_PBL NSTAR: 0.06
  MOM_energetic_PBL MSTAR_CONV_ADJ: 0.667
  MOM_energetic_PBL USE_MLD_ITERATION: True
  MOM_energetic_PBL EPBL_TRANSITION_SCALE: 0.01
  MOM_energetic_PBL MLD_ITERATION_GUESS: False
  MOM_energetic_PBL EPBL_MLD_TOLERANCE: 1.0
  MOM_energetic_PBL EPBL_MLD_BISECTION: True
  MOM_energetic_PBL EPBL_MLD_MAX_ITS: 20
  MOM_energetic_PBL EPBL_MIN_MIX_LEN: 0.0
  MOM_energetic_PBL MIX_LEN_EXPONENT: 1.0
  MOM_energetic_PBL EPBL_VEL_SCALE_MODE: -1
  MOM_energetic_PBL EPBL_VEL_SCALE_SCHEME: CUBE_ROOT_TKE
  MOM_energetic_PBL WSTAR_USTAR_COEF: 1.0
  MOM_energetic_PBL EPBL_VEL_SCALE_FACTOR: 1.0
  MOM_energetic_PBL VSTAR_SURF_FAC: 1.2
  MOM_energetic_PBL USE_LA_LI2016: True
  MOM_energetic_PBL LT_ENHANCE: 3
  MOM_energetic_PBL EPBL_LANGMUIR_SCHEME: ADDITIVE
  MOM_energetic_PBL LT_ENHANCE_COEF: 0.044
  MOM_energetic_PBL LT_ENHANCE_EXP: -1.5
  MOM_energetic_PBL LT_MOD_LAC1: 0.0
  MOM_energetic_PBL LT_MOD_LAC2: 0.0
  MOM_energetic_PBL LT_MOD_LAC3: 0.0
  MOM_energetic_PBL LT_MOD_LAC4: 0.0
  MOM_energetic_PBL LT_MOD_LAC5: 0.22
  MOM_energetic_PBL !EPBL_USTAR_MIN: 1.45842E-18
  MOM_energetic_PBL ENABLE_THERMODYNAMICS: True
MOM_regularize_layers: unknown
  MOM_regularize_layers REGULARIZE_SURFACE_LAYERS: False
  MOM_regularize_layers DEBUG: False
  MOM_diabatic_driver PEN_SW_NBANDS: 2
MOM_opacity: unknown
  MOM_opacity VAR_PEN_SW: False
  MOM_opacity EXP_OPACITY_SCHEME: DOUBLE_EXP
  MOM_opacity PEN_SW_SCALE: 0.35
  MOM_opacity PEN_SW_SCALE_2ND: 23.0
  MOM_opacity SW_1ST_EXP_RATIO: 0.58
  MOM_opacity PEN_SW_FRAC: 1.0
  MOM_opacity PEN_SW_NBANDS: 2
  MOM_opacity DEFAULT_2018_ANSWERS: False
  MOM_opacity OPTICS_2018_ANSWERS: False
  MOM_opacity PEN_SW_FLUX_ABSORB: 2.5E-11
  MOM_opacity PEN_SW_ABSORB_MINTHICK: 1.0
  MOM_opacity OPACITY_LAND_VALUE: 10.0
MOM_tracer_advect: unknown
  MOM_tracer_advect DT: 900.0
  MOM_tracer_advect DEBUG: False
  MOM_tracer_advect TRACER_ADVECTION_SCHEME: PPM:H3
MOM_tracer_hor_diff: unknown
  MOM_tracer_hor_diff KHTR: 0.0
  MOM_tracer_hor_diff KHTR_SLOPE_CFF: 0.0
  MOM_tracer_hor_diff KHTR_MIN: 0.0
  MOM_tracer_hor_diff KHTR_MAX: 0.0
  MOM_tracer_hor_diff KHTR_PASSIVITY_COEFF: 0.0
  MOM_tracer_hor_diff KHTR_PASSIVITY_MIN: 0.5
  MOM_tracer_hor_diff DIFFUSE_ML_TO_INTERIOR: False
  MOM_tracer_hor_diff CHECK_DIFFUSIVE_CFL: True
  MOM_tracer_hor_diff MAX_TR_DIFFUSION_CFL: -1.0
  MOM_tracer_hor_diff RECALC_NEUTRAL_SURF: False
MOM_neutral_diffusion: unknown
  MOM_neutral_diffusion USE_NEUTRAL_DIFFUSION: False
MOM_lateral_boundary_diffusion: unknown
  MOM_lateral_boundary_diffusion USE_LATERAL_BOUNDARY_DIFFUSION: False
  MOM_tracer_hor_diff DEBUG: False
MOM_obsolete_diagnostics: unknown
  MOM_obsolete_diagnostics OBSOLETE_DIAGNOSTIC_IS_FATAL: True
MOM_sum_output: unknown
  MOM_sum_output CALCULATE_APE: True
  MOM_sum_output WRITE_STOCKS: True
  MOM_sum_output ENABLE_THERMODYNAMICS: True
  MOM_sum_output DT: 900.0
  MOM_sum_output MAXTRUNC: 100000
  MOM_sum_output MAX_ENERGY: 0.0
  MOM_sum_output MAXVEL: 6.0
  MOM_sum_output MAX_ENERGY as used: 360.0
  MOM_sum_output ENERGYFILE: ocean.stats
  MOM_sum_output output_path/ENERGYFILE: ./ocean.stats
  MOM_sum_output DATE_STAMPED_STDOUT: True
  MOM_sum_output TIMEUNIT: 8.64E+04
  MOM_sum_output READ_DEPTH_LIST: False
  MOM_sum_output DEPTH_LIST_MIN_INC: 1.0E-10
  MOM_sum_output TIMEUNIT: 8.64E+04
  MOM_sum_output ENERGYSAVEDAYS (Time): 0:21600
  MOM_sum_output ENERGYSAVEDAYS_GEOMETRIC (Time): 0:0
ocean_model_init: unknown
  ocean_model_init SINGLE_STEPPING_CALL: True
  ocean_model_init DT: 900.0
  ocean_model_init DT_THERM: 900.0
  MOM THERMO_SPANS_COUPLING: False
  ocean_model_init DIABATIC_FIRST: False
  ocean_model_init RESTART_CONTROL: 1
  ocean_model_init OCEAN_SURFACE_STAGGER: C
  ocean_model_init RHO_0: 1035.0
  ocean_model_init G_EARTH: 9.8
  ocean_model_init ICE_SHELF: False
  ocean_model_init ICEBERGS_APPLY_RIGID_BOUNDARY: False
  ocean_model_init HOMOGENIZE_IOB_FORCINGS: True

================================================================================
unknown
MOM_surface_forcing: unknown
  MOM_surface_forcing INPUTDIR: INPUT
  MOM_surface_forcing ENABLE_THERMODYNAMICS: True
  MOM_surface_forcing RHO_0: 1035.0
  MOM_surface_forcing LATENT_HEAT_FUSION: 3.34E+05
  MOM_surface_forcing LATENT_HEAT_VAPORIZATION: 2.5E+06
  MOM_surface_forcing MAX_P_SURF: 0.0
  MOM_surface_forcing RESTORE_SALINITY: False
  MOM_surface_forcing RESTORE_TEMPERATURE: False
  MOM_surface_forcing ADJUST_NET_SRESTORE_TO_ZERO: False
  MOM_surface_forcing ADJUST_NET_SRESTORE_BY_SCALING: False
  MOM_surface_forcing ADJUST_NET_FRESH_WATER_TO_ZERO: True
  MOM_surface_forcing USE_NET_FW_ADJUSTMENT_SIGN_BUG: False
  MOM_surface_forcing ADJUST_NET_FRESH_WATER_BY_SCALING: False
  MOM_surface_forcing ICE_SALT_CONCENTRATION: 0.005
  MOM_surface_forcing USE_LIMITED_PATM_SSH: True
  MOM_surface_forcing APPROX_NET_MASS_SRC: False
  MOM_surface_forcing WIND_STAGGER: C
  MOM_surface_forcing WIND_STRESS_MULTIPLIER: 1.0
  MOM_surface_forcing CD_TIDES: 0.0018
  MOM_surface_forcing READ_TIDEAMP: False
  MOM_surface_forcing UTIDE: 0.0

================================================================================
TIME_INTERP_EXTERNAL_MOD
unknown
&TIME_INTERP_EXTERNAL_NML
 NUM_IO_BUFFERS=2          ,
 DEBUG_THIS_MODULE=F,
 MAX_FIELDS=100        ,
 MAX_FILES=40         ,
 /
  MOM_surface_forcing READ_GUST_2D: False
  MOM_surface_forcing GUST_CONST: 0.0
  MOM_surface_forcing DEFAULT_2018_ANSWERS: False
  MOM_surface_forcing SURFACE_FORCING_2018_ANSWERS: False
  MOM_surface_forcing FIX_USTAR_GUSTLESS_BUG: True
  MOM_surface_forcing USE_RIGID_SEA_ICE: True
  MOM_surface_forcing G_EARTH: 9.8
  MOM_surface_forcing SEA_ICE_MEAN_DENSITY: 900.0
  MOM_surface_forcing SEA_ICE_VISCOSITY: 1.0E+09
  MOM_surface_forcing SEA_ICE_RIGID_MASS: 100.0
  MOM_surface_forcing ALLOW_ICEBERG_FLUX_DIAGNOSTICS: False
  MOM_surface_forcing ALLOW_FLUX_ADJUSTMENTS: False
  MOM_surface_forcing CHECK_NO_LAND_FLUXES: False
&DATA_OVERRIDE_NML
 DEBUG_DATA_OVERRIDE=F,
 GRID_CENTER_BUG=F,
 REPRODUCE_NULL_CHAR_BUG=F,
 /
MOM_restart: unknown
  MOM_restart PARALLEL_RESTARTFILES: False
  MOM_restart RESTARTFILE from argument: MOM_forcing.res
  MOM_restart LARGE_FILE_SUPPORT: True
  MOM_restart MAX_FIELDS: 500
  MOM_restart RESTART_CHECKSUMS_REQUIRED: True
user_revise_forcing: unknown
  ocean_model_init USE_WAVES: False
  MOM_wave_interface USE_WAVES: False
MOM_wave_interface: unknown
  MOM_wave_interface LA_DEPTH_RATIO: 0.04

MOM_in domain decomposition:     1 X    1
   pe,   is,  ie,  js,  je,    isd, ied, jsd, jed
MOM_file_parser: unknown
  MOM_file_parser SEND_LOG_TO_STDOUT: False
  MOM_file_parser REPORT_UNUSED_PARAMS: True
  MOM_file_parser FATAL_UNUSED_PARAMS: False
  MOM_file_parser DOCUMENT_FILE: MOM_parameter_doc
  MOM_file_parser COMPLETE_DOCUMENTATION: True
  MOM_file_parser MINIMAL_DOCUMENTATION: True
&DATA_OVERRIDE_NML
 DEBUG_DATA_OVERRIDE=F,
 GRID_CENTER_BUG=F,
 REPRODUCE_NULL_CHAR_BUG=F,
 /

================================================================================
SAT_VAPOR_PRES_MOD
unknown
&SAT_VAPOR_PRES_NML
 SHOW_BAD_VALUE_COUNT_BY_SLICE=T,
 SHOW_ALL_BAD_VALUES=F,
 USE_EXACT_QS=F,
 DO_SIMPLE=F,
 CONSTRUCT_TABLE_WRT_LIQ=T,
 CONSTRUCT_TABLE_WRT_LIQ_AND_ICE=T,
 /

================================================================================
$Id$
$Name$
&FLUX_EXCHANGE_NML
 Z_REF_HEAT=  2.0000000000000000     ,
 Z_REF_MOM=  10.000000000000000     ,
 EX_U_STAR_SMOOTH_BUG=F,
 SW1WAY_BUG=F,
 DO_AREA_WEIGHTED_FLUX=F,
 DEBUG_STOCKS=F,
 DIVERT_STOCKS_REPORT=T,
 DO_RUNOFF=T,
 DO_FORECAST=F,
 NBLOCKS=1          ,
 PARTITION_FPREC_FROM_LPREC=F,
 SCALE_PRECIP_2D=F,
 /
 ==>Note from flux_exchange_mod(flux_exchange_init): Number of exchanged tracers =            1
 Tracer field name :sphum

================================================================================
XGRID_MOD
unknown
&XGRID_NML
 MAKE_EXCHANGE_REPRODUCE=F,
 INTERP_METHOD="second_order                                                    ",
 DEBUG_STOCKS=F,
 XGRID_CLOCKS_ON=F,
 MONOTONIC_EXCHANGE=F,
 NSUBSET=0          ,
 DO_ALLTOALL=T,
 DO_ALLTOALLV=F,
 USE_MPP_IO=F,
 /

================================================================================
$Id$
$Name$
&SURFACE_FLUX_NML
 NO_NEG_Q=F,
 USE_VIRTUAL_TEMP=T,
 ALT_GUSTINESS=F,
 GUST_CONST=  1.0000000000000000     ,
 GUST_MIN=  0.0000000000000000     ,
 OLD_DTAUDV=F,
 USE_MIXING_RATIO=F,
 NCAR_OCEAN_FLUX=T,
 NCAR_OCEAN_FLUX_ORIG=F,
 NCAR_OCEAN_FLUX_MULTILEVEL=F,
 BULK_ZU=  0.0000000000000000     ,
 BULK_ZT=  0.0000000000000000     ,
 BULK_ZQ=  0.0000000000000000     ,
 RAOULT_SAT_VAP=T,
 DO_SIMPLE=F,
 /

================================================================================
MONIN_OBUKOV_MOD
unknown
&MONIN_OBUKHOV_NML
 RICH_CRIT=  2.0000000000000000     ,
 NEUTRAL=T,
 DRAG_MIN_HEAT=  1.0000000000000001E-005,
 DRAG_MIN_MOIST=  1.0000000000000001E-005,
 DRAG_MIN_MOM=  1.0000000000000001E-005,
 STABLE_OPTION=1          ,
 ZETA_TRANS= 0.50000000000000000     ,
 NEW_MO_OPTION=F,
 /

================================================================================
STOCK_CONSTANTS_MOD
unknown

================================================================================
$Id$
$Name$
&OCEAN_ALBEDO_NML
 OCEAN_ALBEDO_OPTION=2          ,
 CONST_ALB= 0.10000000000000001     ,
 /

================================================================================
GET_CAL_TIME_MOD
unknown
&GET_CAL_TIME_NML
 ALLOW_CALENDAR_CONVERSION=T,
 /

================================================================================
$Id$
$Name$
&OCEAN_ROUGH_NML
 ROUGHNESS_INIT=  4.4000000000000002E-004,
 ROUGHNESS_HEAT=  5.8000000000000000E-005,
 ROUGHNESS_MOM=  5.8000000000000000E-005,
 ROUGHNESS_MOIST=  5.8000000000000000E-005,
 ROUGHNESS_MIN=  9.9999999999999995E-007,
 CHARNOCK=  3.2000000000000001E-002,
 ROUGH_SCHEME="beljaars                        ",
 DO_HIGHWIND=F,
 DO_CAP40=F,
 ZCOH1=  0.0000000000000000     ,
 ZCOQ1=  0.0000000000000000     ,
 V10M=  32.500000000000000     ,
 V10N=  17.500000000000000     ,
 /

namelist option USE_FIXED_ROUGH is no longer supported
use variable ROUGH_SCHEME instead

================================================================================
DIAG_OUTPUT_MOD
2020.03

ice model domain decomposition:     1 X    1
   pe,   is,  ie,  js,  je,    isd, ied, jsd, jed

ice model domain decomposition:     1 X    1
   pe,   is,  ie,  js,  je,    isd, ied, jsd, jed

                                     time
Total runtime                      1223.842904
Initialization                        0.704146
  Init: atmos_model_init              0.004217
  Init: land_model_init               0.004075
  Init: ice_model_init                0.021533
  Init: ocean_model_init              0.582219
  Init: flux_exchange_init            0.022371
Main loop                          1223.105059
Termination                           0.030677
(Ocean continuity update)             8.148832
(Ocean continuity correction)        33.653249
(Ocean advect tracer)               172.712402
(Ocean tracer halo updates)          59.798238
(Ocean tracer global synch)           0.054830
  Ice: slow: dynamics                34.649543
  Ice: slow: transport                1.128240
  Ice: slow: thermodyn diags          0.295374
Ice                                  40.388009
Ice Fast                              1.888180
Ice Slow                             38.470905
Ice Fast/Slow Exchange                0.008954
Ocean Initialization                  0.569013
Ocean                              1046.677984
Ocean dynamics                      145.227179
Ocean thermodynamics and tracers    881.102747
Ocean Other                          19.389281
(Ocean tracer advection)            174.754368
(Ocean diabatic driver)             706.326342
(Ocean continuity equation *)         0.000000
(Ocean set BBL viscosity)             2.135163
(Ocean message passing *)             6.444893
(Ocean MOM_initialize_state)          0.015615
(Ocean init message passing *)        0.000125
(Ocean mixed layer restrat)           0.000000
(Ocean collective diagnostics)       12.605257
(Ocean Z-space diagnostics)           0.000000
(Ocean ALE)                         171.194530
(Cobalt: carbon calcs)               88.757122
(Cobalt: phytoplankton growth ca     52.533914
(Cobalt: bacteria growth calcs)       2.180684
(Cobalt: zooplankton calculation     28.304503
(Cobalt: mixotroph calculations)      0.000000
(Cobalt: other losses)               11.662599
(Cobalt: production loop)            29.630162
(Cobalt: ballasting loops)           14.380199
(Cobalt: source/sink loop 1)          6.224968
(Cobalt: source/sink loop 2)          4.528607
(Cobalt: source/sink loop 3)          5.372241
(Cobalt: source/sink loop 4)          1.844320
(Cobalt: source/sink loop 5)          3.840100
(Cobalt: source/sink loop 6)         11.227167
(Cobalt: send diagnostics)           45.643308
(Cobalt: calculate diagnostics)      43.785062
(Initialize from Z)                   0.000904
(Ocean diagnostics framework)        63.096893
(Ocean diagnostics remapping)         0.000000
(Ocean diagnostics grid updates)      0.489930
(Ocean init message passing)          0.000078
(Ocean BT pre-calcs only)             6.297837
(Ocean BT pre-step halo updates)      2.543722
(Ocean BT stepping calcs only)        4.660494
(Ocean BT stepping halo updates)      1.568300
(Ocean BT post-calcs only)            0.835652
(Ocean BT post-step halo updates      0.544888
(Ocean BT global synch)               0.021287
(Ocean Coriolis & mom advection)      5.772110
(Ocean continuity equation)          44.663015
(Ocean pressure force)               22.581414
(Ocean vertical viscosity)           20.580730
(Ocean horizontal viscosity)          7.901424
(Ocean momentum increments)           0.722038
(Ocean message passing)              14.291564
(Ocean barotropic mode calc)          0.180587
(Ocean barotropic mode stepping)     18.413531
(Ocean barotropic forcing calc)       1.289255
(Ocean kappa_shear)                  20.195154
(Ocean diabatic entrain)              0.000000
(Ocean vert remap)                   45.358666
(Ocean geothermal)                    0.041738
(Ocean set_diffusivity)              24.845972
(Ocean KPP)                           0.000000
(Ocean tracer_columns)              450.427266
(Ocean diabatic tridiag)              0.625327
(Ocean diabatic message passing)      1.496383
(Ocean find_uv_at_h)                  0.738908
(Ocean frazil)                        0.000000
(Ocean diffuse tracer)                0.000000
(Ocean epipycnal diffuse tracer)      0.000000
Ocean surface forcing                 1.101508
(Ocean forcing diagnostics)           0.988179
Land-ice-atm coupler                129.141933
SFC boundary layer                   71.246538
Flux DN from atm                     57.309620
XGrid generation                      0.111935
Flux UP to atm                        0.258057
Flux land to ice                      0.193416
Ice-ocean coupler                     0.223286
Flux ice to ocean                     0.148354
Flux ocean to ice                     0.069660
generate_sfc_xgrid                    0.131737
flux_ocean_to_ice                     0.078354
flux_ice_to_ocean                     0.157483
ATM                                 170.847291
 ATM: atmos loop                    131.538089
  A-L: atmos_tracer_driver_gathe      0.000000
  A-L: sfc_boundary_layer            71.412853
  A-L: update_atmos_model_dynami      0.000000
  A-L: serial radiation               0.001953
  A-L: update_atmos_model_down        0.000000
  A-L: flux_down_from_atmos          57.380687
  A-L: update_land_model_fast         0.002440
  A-L: update_ice_model_fast          1.402431
  A-L: flux_up_to_atmos               0.292162
  A-L: update_atmos_model_up          0.000960
  A-L: update_atmos_model_state       0.001436
 ATM: update_land_model_slow          0.001499
 ATM: flux_land_to_ice                0.213096
 Ice: set_ice_surface fast            0.509383
 Ice: update_ice_model_slow fast      0.704259
 Ice: set_ice_surface slow            0.559063
 Ice: update_ice_model_slow slow     38.191246
 Ice: flux_ice_to_ocean_stocks        0.027355
 Ice: set_ice_surface exchange        0.013877
 Ice: update_ice_model_slow exch      0.011722
OCN                                1050.428996
flux_check_stocks                     0.000000
intermediate restart                  0.000000
final flux_check_stocks               0.001375
