 ================Stocks Report Guide=====================================
  
 S(t) = Total amount     of a tracer in the component model at time t.
        Calculated via the component model itself.
  
 F(t) = Cumulative input of a tracer to the component model at time t.
        Calculated via interchange of fluxes with other component models.
  
 S(t) - S(0) = Cumulative increase of the component stocks at time t
               Calculated by the component itself.
  
 In a conserving component F(t)=S(t)-S(0) to within numerical accuracy.
  
 Component Model refers to one of OCN, ATM, LND or ICE
 
 NOTE: When use_lag_fluxes=.true. is used in coupler, the ocean stocks 
       calculations are in error by an order which scales as the inverse
       of the number of time steps.
  
 =======================================================================
 ======================Initial Stock S(0)===============================
     water[Kg]                heat[Joules]             salt[Kg]
ATM  0.000000000000000E+00    0.000000000000000E+00    0.000000000000000E+00
LND  0.000000000000000E+00    0.000000000000000E+00    0.000000000000000E+00
ICE  0.000000000000000E+00    0.000000000000000E+00    0.000000000000000E+00
OCN  7.552921355378502E+15    1.193985549044639E+20    2.612598394364025E+14
 ========================================================================
 
 ===============================================
t = TimeSinceStart[days]=      366.000
 ===============================================
Stocks of water                                        ATM                    LND                    ICE                    OCN
Total =S(t)               [Kg]           0.000000000000000E+00   0.000000000000000E+00   0.000000000000000E+00   7.552915825943530E+15
Change=S(t)-S(0)          [Kg]           0.000000000000000E+00   0.000000000000000E+00   0.000000000000000E+00  -5.529434972000000E+09
Input =F(t)               [Kg]           8.144858675979387E+11   0.000000000000000E+00  -6.339557673120703E+10  -7.511196565767362E+11
Diff  =F(t) - (S(t)-S(0)) [Kg]           8.144858675979387E+11   0.000000000000000E+00  -6.339557673120703E+10  -7.455902216047362E+11
Error =Diff/S(0)          [NonDim]       8.144858675979387E+11   0.000000000000000E+00  -6.339557673120703E+10  -9.871547531390550E-05
 
Lost Stocks in the exchange between Ice and Ocean water[Kg]       2.936570997509766E+07
 
 
Stocks of heat                                        ATM                    LND                    ICE                    OCN
Total =S(t)               [Joules]       0.000000000000000E+00   0.000000000000000E+00   0.000000000000000E+00   1.218798977512004E+20
Change=S(t)-S(0)          [Joules]       0.000000000000000E+00   0.000000000000000E+00   0.000000000000000E+00   2.481342846736482E+18
Input =F(t)               [Joules]      -4.592481455151553E+18   0.000000000000000E+00   4.289926989804524E+17   4.163377049822205E+18
Diff  =F(t) - (S(t)-S(0)) [Joules]      -4.592481455151553E+18   0.000000000000000E+00   4.289926989804524E+17   1.682034203085723E+18
Error =Diff/S(0)          [NonDim]      -4.592481455151553E+18   0.000000000000000E+00   4.289926989804524E+17   1.408755913697275E-02
 
Lost Stocks in the exchange between Ice and Ocean heat[Joules]       1.117063488614400E+14
 
 
Stocks of salt                                        ATM                    LND                    ICE                    OCN
Total =S(t)               [Kg]           0.000000000000000E+00   0.000000000000000E+00   0.000000000000000E+00   2.612480586718052E+14
Change=S(t)-S(0)          [Kg]           0.000000000000000E+00   0.000000000000000E+00   0.000000000000000E+00  -1.178076459731250E+10
Input =F(t)               [Kg]           0.000000000000000E+00   0.000000000000000E+00   0.000000000000000E+00   0.000000000000000E+00
Diff  =F(t) - (S(t)-S(0)) [Kg]           0.000000000000000E+00   0.000000000000000E+00   0.000000000000000E+00   1.178076459731250E+10
Error =Diff/S(0)          [NonDim]       0.000000000000000E+00   0.000000000000000E+00   0.000000000000000E+00   4.509213747786981E-05
 
Lost Stocks in the exchange between Ice and Ocean salt[Kg]       0.000000000000000E+00
 
 
